PocketMine-MP Crash Dump Sun Jan 30 19:16:46 CST 2022

Error: Call to a member function getItemInHand() on null
File: plugins/BlazinJoin.phar/src/iiFlamiinBlaze/BlazinJoin/JoinTask
Line: 56
Type: Error

THIS CRASH WAS CAUSED BY A PLUGIN
BAD PLUGIN: BlazinJoin v1.1.6

Code:
[47] 		}
[48] 		if($config->get("guardian-curse") === "enabled"){
[49] 			$pk = new LevelEventPacket();
[50] 			$pk->evid = LevelEventPacket::EVENT_GUARDIAN_CURSE;
[51] 			$pk->data = 1;
[52] 			$pk->position = $this->player->asVector3();
[53] 			$this->player->dataPacket($pk);
[54] 		}
[55] 		if($config->get("totem-effect") === "enabled"){
[56] 			$item = $this->player->getInventory()->getItemInHand();
[57] 			$this->player->getInventory()->setItemInHand(Item::get(Item::TOTEM));
[58] 			$pk = new LevelEventPacket();
[59] 			$pk->position = $this->player->asVector3();
[60] 			$pk->evid = LevelEventPacket::EVENT_SOUND_TOTEM;
[61] 			$pk->data = 0;
[62] 			$this->player->sendDataPacket($pk);
[63] 			$pk = new LevelEventPacket;
[64] 			$pk->evid = LevelEventPacket::EVENT_ADD_PARTICLE_MASK | (Particle::TYPE_TOTEM & 0xFFF);
[65] 			$pk->position = $this->player->asVector3();
[66] 			$pk->data = 0;

Backtrace:
#0 pmsrc/src/pocketmine/scheduler/TaskHandler(137): iiFlamiinBlaze\BlazinJoin\JoinTask->onRun(integer 777812)
#1 pmsrc/src/pocketmine/scheduler/TaskScheduler(179): pocketmine\scheduler\TaskHandler->run(integer 777812)
#2 pmsrc/src/pocketmine/plugin/PluginManager(654): pocketmine\scheduler\TaskScheduler->mainThreadHeartbeat(integer 777812)
#3 pmsrc/src/pocketmine/Server(2389): pocketmine\plugin\PluginManager->tickSchedulers(integer 777812)
#4 pmsrc/src/pocketmine/Server(2152): pocketmine\Server->tick()
#5 pmsrc/src/pocketmine/Server(1992): pocketmine\Server->tickProcessor()
#6 pmsrc/src/pocketmine/Server(1586): pocketmine\Server->start()
#7 pmsrc/src/pocketmine/PocketMine(332): pocketmine\Server->__construct(object BaseClassLoader, object pocketmine\utils\MainLogger, string[81] C:\Users\Administrator\Desktop\Skyblock Knight Ghost VN\Skyblock Knight Ghost VN, string[89] C:\Users\Administrator\Desktop\Skyblock Knight Ghost VN\Skyblock Knight Ghost VN)
#8 pmsrc/src/pocketmine/PocketMine(362): pocketmine\server()
#9 pmsrc(11): require(string[136] phar://C:/Users/Administrator/Desktop/Skyblock Knight Ghost VN/Skyblock Knight G)

PocketMine-MP version: 3.26.5 [Protocol 475]
Git commit: a4af1609eaf42eff5effe04b08f2c1402d408f3d
uname -a: Windows NT WIN-AGFGRSH53BH 6.3 build 9600 (Windows Server 2012 R2 Standard Edition) AMD64
PHP Version: 8.0.13
Zend version: 4.0.13
OS: WINNT, win
Composer libraries: 
- adhocore/json-comment 1.1.2@fc2f76979f0a44a5f5bc2a2b600d0762fe0e78e7
- daverandom/callback-validator unknown@unknown
- pocketmine/binaryutils 0.1.13@0abee38d4e2861621f262c79a2a3d699d8a697f4
- pocketmine/callback-validator 1.0.3@64787469766bcaa7e5885242e85c23c25e8c55a2
- pocketmine/classloader 0.1.3@3c484a27787f7732ce842ed694928a29ba340961
- pocketmine/log 0.2.1@830b44a2cf96ef703c550abe64302f230231ca49
- pocketmine/log-pthreads 0.1.4@01620c3628cdaa6b4a21122cff4c5d2f70b5c1d3
- pocketmine/math 0.2.6@43057cb8c179a9859677b496a788db922fd5cfc3
- pocketmine/nbt 0.2.19@8567c65e8e099c2f7436cfea3d886b3dcd332283
- pocketmine/pocketmine-mp 3.26.5@a4af1609eaf42eff5effe04b08f2c1402d408f3d
- pocketmine/raklib 0.12.12@5abe22043352e94099e4edfcef5fb3644578ddc1
- pocketmine/snooze 0.1.6@92abf1e988c71635d466abb777f61f89e5a9c990
- pocketmine/spl 0.4.2@6b08b7cf8c4afa17139c9a1b3bf1b408531de161

Loaded plugins:
AllSigns 2.0.0 by survanetwork for API(s) 3.0.0
AlwaysSpawn 2.2.4 by Philip Shilling for API(s) 3.0.0
AntiFrameEdit 4.0 by JonyGamesYT9 for API(s) 3.0.0
AntiTNT 0.1 by Adam1609 for API(s) 3.0.0, 4.0.0, 5.0.0
AntiToolBox 0.1 by NgLamVN for API(s) 3.0.0
AntiVoid 1.1.0 by FiberglassCivic for API(s) 3.0.0
AuctionHouse 1.3.4 by Shock95x for API(s) 3.25.4
AutoClearLagg 4 by Twisted - fixed fernanACM for API(s) 3.0.0
AutoEXP 0.0.1 by RubyTemple for API(s) 3.0.0
AutoFeed 2 by KingNightVN for API(s) 3.0.0, 4.0.0, 5.0.0
AutoInv 0.0.10 by JackNoordhuis for API(s) 3.0.0
AutoSell 0.1.lpk by LamPocketVN for API(s) 3.0.0, 4.0.0, 5.0.0
AutoXP 1.0.0 by JackMD for API(s) 3.0.0
BanCMD 1.0.0 by DeToKiKung for API(s) 3.0.0, 4.0.0, 5.0.0
BankNotes 2.0.3 by AndreasHGK for API(s) 3.7.0
BetterVoting 2.0.2 by Twisted for API(s) 3.0.0
BlazinFly 1.8.7 by iiFlamiinBlaze for API(s) 3.0.0, 4.0.0, 5.0.0
BlazinJoin 1.1.6 by iiFlamiinBlaze for API(s) 3.0.0
BlazinVanish 1.0.4 by iiFlamiinBlaze for API(s) 3.0.0
BlockGenerator 0.1.0_beta by BlockHorizons, Chris-Prime for API(s) 4.0.0, 3.0.0
BlockSniper 3.2.3 by BlockHorizons, Sandertv (@Sandertv), Chris-Prime (@PrimusLV) for API(s) 3.2.0
BossPlugin 3.21 by HmmHmmmmm for API(s) 3.11.0
Broadcaster 1.5 by EvolSoft for API(s) 3.0.0
BuilderTools 1.2.0 by CzechPMDevs, VixikHD for API(s) 3.16.0
BurgerSellWands 1.0.1 by Heisenburger69 for API(s) 3.0.0
ChestShop 5.1.2 by  for API(s) 3.11.1
ClearPlayer 1.0.0 by radondev for API(s) 3.0.0
Clothes 5.0 by TungstenVn for API(s) 3.0.0, 4.0.0, 5.0.0
CmdSnooper 1.0.0 by HotshotHD for API(s) 3.1.1, 4.0.0
CoinAPI 2.0.9 by onebone | Edit By SenKai Official for API(s) 3.0.0
CustomAlerts 2.1 by EvolSoft for API(s) 3.0.0
DEVirion 1.2.7 by poggit, SOFe for API(s) 3.0.0
DevTools 1.14.2 by PocketMine Team for API(s) 3.13.0
EasyKits 1.1.5 by AndreasHGK for API(s) 3.9.0
EconomyAPI 5.7.2 by onebone for API(s) 3.0.0
EnchantUIVH 0.6 by UnknownOre for API(s) 3.0.0, 4.0.0, 5.0.0
EnchantVipUI 0.6 by UnknownOreforsource|RBpmmpformod for API(s) 3.0.0
Eternity 1.0.0 by NoobMCBG for API(s) 3.0.0
ExtendedBlocks 1.4.0 by Javier Leon9966 for API(s) 3.14.0
FactionsPE 1.4.23 by BlockHorizons, Chris-Prime (@PrimusLV, @flipkris), Sandertv (@Sandertv) for API(s) 3.17.2
Fishing 0.4 by benda95280 for API(s) 3.0.0
FormAPI 1.3.0 by jojoe77777 for API(s) 3.2.0
GamemodeUI 1 by MulkiAqi192 for API(s) 3.12.0
GlobalMute 1.0.1 by Shelly7w7 for API(s) 3.0.0
HealthTag 2.0.0 by Shelly7w7 for API(s) 3.0.0
InvCrashFix 0.0.1 by  for API(s) 3.14.0
InvSee 1.0.0 by BlockHorizons for API(s) 3.0.0
ItemID 1.0.0 by HannesTheDev for API(s) 3.0.0
Jackpot 0.0.1 by pmmdst for API(s) 3.0.0
KeepInventory 1.0 by KhoaGamingPro for API(s) 3.0.0
KeepYourXp 1.1.1 by ArasakaID for API(s) 3.0.0
KeyShopUI 1 by xVxSkoeyxVx for API(s) 3.0.0, 4.0.0, 5.0.0
KingofBlock 0.0.1 by pmmdst for API(s) 3.0.0
LevelToMine 0.1 by AmGM-Encode for API(s) 3.0.0, 4.0.0, 5.0.0
LoadAllWorlds 1.1.2 by  for API(s) 3.12.0
MOTDShuffle 1.1.6 by TheDeibo for API(s) 3.0.2
MSpawns 2.2 by EvolSoft for API(s) 3.0.0
MagicWE2 7.0.0 by XenialDan for API(s) 3.9.3, 3.9.4
MapImageV2 1.1.3 by Fixed fernanACM for API(s) 3.0.0
Marry 1.0.0 by GreenJajot for API(s) 3.0.0, 4.0.0, 5.0.0
MaxEnchants 1.2.1 by Xenophilicy for API(s) 3.0.0
MenuPET 1 by ClickedTran for API(s) 3.0.0
MenuQuyDoi 1 by ClickedTran for API(s) 3.0.0
Minion 1.9.5 by CLADevs for API(s) 3.0.0
MinionShopV2 2.0.0 by ClickedTran for API(s) 3.0.0, 4.0.0, 5.0.0
MuaSsp 2 by NoobPvP2k3 And Shin1134 for API(s) 3.0.0, 4.0.0, 5.0.0
MultiVersion 0.475.1 by AkmalFairuz for API(s) 3.25.6
MultiWorld 1.6.0-beta3 by CzechPMDevs, VixikCZ, fuyutsuki, kaliiks for API(s) 3.20.0, 4.0.0
MyItem 0.1 by AnhKhoaaa for API(s) 3.0.0, 4.0.0
MysteryCrate 9.2.0 by JackMD, DaPigGuy for API(s) 3.9.0
NapThe 2.0.0 by kayy0812 for API(s) 3.15.1
Netherite 1.2 by Wertzui123 for API(s) 3.0.0
Nganhang 1.0.0 by  for API(s) 3.0.0
NicknameUI 0.1 by ItzFabb for API(s) 3.0.0
NoFallDamage 1.0 by DeveloperNeb101 for API(s) 3.0.0
NoTP 1.0.7 by awzaw for API(s) 3.0.0
PM-Beacons 2.0.2 by jasonwynn10 for API(s) 3.0.0, 4.0.0
Parkour 1 by Spicearth for API(s) 3.0.0
PiggyCustomEnchants 2.4.1 by DaPigGuy for API(s) 3.19.0, 4.0.0
PlayerSelectors 1.0.8 by Ad5001 for API(s) 3.0.0
PointAPI 1.0.3 by onebone | Moded by LamPocketVN for API(s) 3.9.0
PureChat 1.4.12 by 64FF00 for API(s) 3.0.0
PureEntitiesX 0.7.0 by milk0417, RevivalPMMP for API(s) 3.19.0
PurePerms 1.4.3 by 64FF00 & ProjectInfinity for API(s) 3.0.0
QuestPlugin 3.1 by HmmHmmmmm for API(s) 3.11.0
QuyenVIP 1 by KingNightVN //DON'T EDIT AUTHOR! for API(s) 3.0.0, 4.0.0
RandomBlock 2.0.0 by CrazyTeam for API(s) 3.0.0, 4.0.0
RandomBlock1 2.0.0 by Edit By Nờ Cờ Dờ for API(s) 3.0.0
RedSkyBlock 3.1.1 by RedCraftPE for API(s) 3.0.0
RedstoneCircuit 1.0.1 by tedo0627 for API(s) 3.6.0
ReportUI 1.0.0 by MasApip for API(s) 3.0.0, 4.0.0
RulesUI 1.0.0 by Misael38 for API(s) 3.0.0
SETVIP 2.3 by MCPEVN TEAM for API(s) 3.0.0
ScoreHud 5.2.0 by JackMD for API(s) 3.0.0
SeasonPass 2.0.0 by TungstenVn for API(s) 3.0.0, 4.0.0
Sell 3.0.0 by Muqsit, KairusDarkSeeker, JackMD for API(s) 3.0.0, 4.0.0
SellExp 3.0.0 by EzMinh, LetTIHL for API(s) 3.0.0
ServerTools 0.3.2 by matcracker for API(s) 3.0.0
ShopVip 0.0.4 by KhangKOPvn for API(s) 3.0.0
Shulkerbox 1.1.2 by UltraFlappy for API(s) 3.0.0
SimpleGamemode 0.1 by Zedstar16 for API(s) 3.0.0
SimpleLay 2.1.10 by brokiem for API(s) 3.16.0
SizeUI 0.0.4 by Minetron26 for API(s) 3.1.0
Slapper 1.6.2 by jojoe77777 for API(s) 3.19.0
SlapperRotation 1.2.1 by jojoe77777 for API(s) 3.0.0
Specter 2.0-FIX-ACM by Falkirks - fixed fernanACM for API(s) 3.14, 3.15, 3.16, 3.17, 3.18, 3.25
StaffTable 0.4 by GigantLeyKey for API(s) 3.0.0
StopLag 1.0.0 by  for API(s) 3.0.0
TPAll 1.2 by matymare for API(s) 3.0.0
TableSpoon 1.0.0 by CortexPE, Xenophilicy, HyperFlareMC for API(s) 3.0.0
ThoRen 1.0.0 by  for API(s) 3.0.0
TopCoin 2 by KingNight for API(s) 3
TopMoneys 2 by moch for API(s) 3
TopPoint 2 by KingNight for API(s) 3
TopVoter 3.1.0 by SalmonDE for API(s) 3.0.0
TradeGui 1.2.3 by Only FurkanGM for API(s) 3.11.6
TradeNPC 1.0.0 by alvin0319 && FunkaDev for API(s) 3.0.0
UIShop 3.5.4 by SaltyPixelDevz for API(s) 3.0.0
VanillaBlocks 1.0.6 by xSuper for API(s) 3.0.0, 4.0.0
VanillaElytra 1.0.2 by JavierLeon9966 for API(s) 3.9.0, 4.0.0
WarpGUI 2 by KingNight for API(s) 3.0.0
WorldProtect 2.3.8 by aliuly for API(s) 3.0.0
Worlds 3.0.4 by survanetwork for API(s) 3.0.0
cayphattai 1.1.1 by Lettihl for API(s) 3.0.0, 4.0.0, 5.0.0
essentialsTP 1.2.1 by  for API(s) 3.0.0
freeze 2.1.0 by Bavfalcon9 for API(s) 3.0.0
iProtector 3.1.1 by LDX for API(s) 3.0.0
onlinetime 1.0.0 by LetTIHL for API(s) 3.0.0

----------------------REPORT THE DATA BELOW THIS LINE-----------------------

===BEGIN CRASH DUMP===
eNrtfQlz2zjS9l/Bp2ztOG9ZskTd3spUHFt2PPGhtRQns6utFERCEke8hodsZXf++9cNgCRA2Tps
Zfd9q3ZqZkw1yUY/jUZ34+Q/SxM/dGn8bcHCyPa90nHjsBTbLisd11qNerNb61RbFaNltKvdw1IS
iFv1DtArtUaj3mp363WjfVhyaBT3wtAPS8f/LMXLAJ4qid+HJZdFEZ0i5ZQ6Dol9QonL3DELySTx
zBjKJVMWX8bMvfQ+Us86eEuA5CWOA29P4M+57eDrwYyGx0dHp8dHnyOQ9+jEcm3PjuKQxn54dMai
eewHR4P5cuz45px88uzpLCYXMz+Kyf3N8zcCJ5naXnT0waHfbe8X3/YqWNRRFJpHtn3uUNe2PbzJ
lEeO8H9DGs3h2QDllDK+ihfwcWwP+DRbUA8hNeHy76U3VRK4yAD/CwABiwE4O4rMGbMSh4VH+C5q
Dq4PavX222OilzUa5YWNRmlp5Z997y7xDmwvZlOojXa73akZb0GIN7VtShykvw5q7S6UmT84GmVP
jkaKcOWfw6fLM54uT2jzqM//XFMPzCg8aDUb6wvL5Cr/7FKAOgsZtT4yGsZjRuOniq8/XfyAhdAw
Dgww+EKJQrDRSJOs/HNsm3np0VMlNdaXVGsahZLEHcH6gLNormVR63bXseiHvgnt0Q8Fr9Z6Xs1O
6xleUQzqFDzaT/Po88truDwAH/EMm2/fTN+DFpyY8YE//o2ZMflAI3YK/iS68qnFwkMi6errSWw7
0Wh0DbV75U+n+BQwsb3p3zu1f5DT49GIe4jRSHMRo5H0EVD+M77g+Tt5Cd0fVAJXZmezMltFZUai
tvj7XfH+Qa0GD4Xs98QO2YGUvFZv/YPs24m+Lf3jj8MS+zG+f88+FQQVvL7Z3sJ3FsxlXgwFWKAk
My6ld4GS8wGq6VsMsTXacGcUj+I/gNjoyB/25OBPYMQTe1r+GaAcjErThIaWTb2ymYQRG5Xeknfv
3pFRiXl07DALCP9EBl3JYBT/KZiTd8RjD+SKLZjTW4BYfYoVfPD2L/Bos6o+Wv6ZLWwLXig+fHzc
u+/dDL9dfD65O7s8ufl2+vlu0OMMajoDi8YUGNT4PUO/F/iRzevlHflTPLMjoDh0iY2VRvegJj+s
S6nq+Yv6g8heyg8sxcMNRXfN5rO6i30whTKbTKCk5zTXbOUF2/D4qqRoUh4qxg+XB2/Fb8XEuEDt
56QvvhxpL+Pl8TEKK66Gt8Pe9VvBsrN9jXZfqPTWbqYwuP18c/aNy8jfftoOqvye8ZxCIuZZZ6tV
2qpvAZc/2NhJ5pOzs2/9k7vh5elV79v1yeAT+Rc56EO4sU2HgcJ/7fcEIvJnUn08Pz8X0jRfqtHW
czr547852H9zsP/mYP/Nwf4P5GCHpSnzWEgdTFQ8it30Ui5w+boPgo2hVvOefqkOHftKE+mJ7Vil
Y6PaqB6W7OibxRal4wl1IgYZUejHvukD20a7CYXYmC/RBp3UWtUuo5OGAbG6ifG62hhXOxPDrDWq
htWAy7oFvBMpyxfbs/yHiNwMyZfLm/LJxfnF3eBjs/7hI2lV6oSLQLqtapUcpI8K+yRGtWaQO4MM
YvBfkFiRnsUd+1tycn0GoQVkhA74calTqVZqdfj5HcIV/G6kv+H2Nz9CGS5vboZA4D8eZGrnQqBg
4TfHHoc0tFmE+qPWDDCH7Oi3yIcszndlnlir1CrG+4lpTNqtbrs7qdJGgzYnzbFpUGMMwlvVdssA
VbB2h7WBvUUBAYjtu0cm5L9jiHPlBXVsCysaGCbe3PMfvPfyLwqb29vY9mi45M0MHgUwAOd9lY4Z
q3esBjM6rVrLqE2MlmG2u9SgdavV7VodCqJNGjqrJwuvgYLq71uNdqfdgHdarbFJaZs1O52mAdXa
aZpG3TSarGM2m9QoMETn4HDnIGWrv6+bjU6DGuBn25N2u26YrANsQKhG1+hQozum9Ua1CymIxsnx
p5yDUam979SrY9CoYU66LTZpV+tQMgJuNepVY2LA/+o1k0LiXORQDmIeYFJFNd5XQTdVE9ppx7Qo
bY2Ba61mAOdJw2xaUIHVcdOsWXWdlUvjmZSm9R4KbbbNcceEyEq7nWa31W6PG90WbXc61rhrGBOr
aU7MAgtvHKd4uu87zVbbbIEKWbXbRbNp1FvmhEFVdTqtcd0yLXDLRqfAIr8su0HWUN/v0OoUZiGd
g20LvYBMxvsmKNSAtl6vNw3WhRrpsgazJiabNCfjeqvRaLY7lmUWqinyfP87k+ptve8adDypsW6n
Y7ZrrXrTarRadDyGIDtp1SadLmvSrtntVgtMAodzaEAraoHc47Y56ZgAi9batTq8QGvjOvAdA5Bm
vWaxGljLH1mvjbfNE8cZ2FNxLX1LRjos5d7NAOvG4mkSz/wwwhwuSsIF9Vj84Idz9Jg0sJFc50/C
b9nLKB1DLATXZ7EAPAm+CfcifxKfqQTMaqAYznM0gvYVoQgQi3JhsH2gG74dDL/c3l2dAemBjSEt
RaFncRxEEAQktApnVAHpjt6kzDABPXEe6DIaBBS8g4o4p+qgjUpDB92f2Y4dkAH8gW7wdF+4A842
klxRAShRhBKNRiJryDUwGEI6/7mv4efgvNg+DwESunQVnkZXATaKdfqL7y0v4Mno12F3X9hUnlCh
qjCFn5sqOQU5hLijwxvySJQDg2alAzuxqIutfQXUIY9s+Lf5GpBSCJHAbVdVQ993PviPRSSSuhbN
zfSKuvc3+6ohyU7UhhRg1eyerhNIYWbJuAJR/SiVSuK7922rAI6TVGSYAhRM8Nwes3CKAfHUXtjm
vjB+gIAWz4Z0Du3LWX7gyYAAjELlV9s6GgX3U6yPMn6ojYQPzX30k4ipGlHJulbqRb8zgBRq3m0+
auowmvDYTvoo9aBz4rvLk/5lSfG6kjn4HSHSDEUCnegCbm6bSeyfOtArvaLTqQZUpWsOSEc5fIC0
nVmkTCb2I/ydsNCj3snp9b6sIBYFIFDIw1EkB0RCpLqEu5pALqhUQ+9rv6AApOiNeqVZ3yXj5ZC5
gcP2hTfnKDCCEEUXtb46zxmzCkA4SQuTOopP0AxusCf1hIPal7eVYuyG5dJbFKAgZaVOiiEREv0b
3w+tWWJH+6qX34CplzIV1mh7C1FHQqitEA2Y4xQgcVIheFScYK6DAkcturOvrKMSL24NUKUggQ5f
yK+2BbrSmgqNqbaanmK9XZ/tLYnh3ITg27ahJ/yEYHMkEQC4D9Q7BSlzcJKwAdwZG/qf7E/JExno
nprYBxwSOUXI6dU2dQXSQ2OJWaQjkrRih6JeyNE8CyJp9PHikwaqvckG9Zj2fIaWcgdIqUjK5Vbw
WByz8N6PMfVXEKrkIkjjyRD3Orss9e3pdHmaRLHv9jxzRr04Kj0R5cZcsAUXDKDqYm5GywfYz52l
CjWj6RbaqbR1nPpo/Y+y0qfnBEA85XJ7qHyCsohVzlrqOWtrJ7B7BScmPDTZtoR3Tz07mq0AlOSi
x2n85yAKifRf28EET3XBB25jMX+eAdVuFMNj9Rs0FKrj5a989EP7u89HH05noR2V+yEu2crBp0Zc
f7WrTYuS/jYTdtt+WIZ/4NkBWwEvqSpy6D8UPXAR9IB6UHS8IAfv08u3ui7gDv5Noqv7t3rfZGef
dr3sO35cWq8XgWMnpfhR1JcLEXKd5MSCSgop+UfXhX/hHw1crbYxL3JoIBTeT0LWg85gbLPo67oA
NXPdGZYEbhukA7zw/xekGKnERwpGVEMIfEwKcUGzDYWqO4CmrofewncGIPj+uuNZwYBUk2LN0EkK
9+HhocJAIuReieccH055sBBHL7TkQyXrCI1iUnX6nZmz/vUZW+Cj9/ajPf+oJ5C11ssRm8g9cC3g
DjUsxIpRLMCvC7lrjStyH2msuFrCKQsx1f5CuUSKZvQ7Rf9fbAjMjpg35i+1dhsb3DJB00tArWgC
bt/XO52xKB7M/EBBm9NUnE2cgdJwFlp5bR/DK27ye4RjnSbKEM1wKnV798VHJfp8rYUKR6Fu6CqE
1PI9nIPcU8tN+Y1GihDajxeYcCYkR+zHM60HkVL0qivgHEJnCDyId+/9qGQzLwHhcpGyi62q0rUG
0OnXo7NC3FCRH300nrjoknhDbbwGl+lakRAB4KjibEYE+SfaugJHUoq9oK6OxffYGP4j/+LTz+TD
kgyY94na5HYysU2bOvuyVlkQND4QDBgCwkzCzfB4B+vEAUetmaNK1oHWfmzUVEsGJLocL4ubZ717
O+TiZ/gyUjFeFrp4gT+d8kmbwe353noEgulotOAijEbgFOSVItaG2RWIhMU8ICMVenKNYv88X+VB
howW0r76y3GlAuB6mkUh0q+rMsVJ5qIdZTwAbY9Gy0+2ZqEZqdhvbW414tLdOXdX4t5h6TpxYltS
MAFeO1ahDsukYudX24QSUNJsOq+47IhrI5dE0YcqnhpD2sXql/5i7+6HCQm4B9Kk2eiEpM4+X95/
VBEpVL07Wxia+CzWwtyGP2wMJi8BoKVibZ+tyVfu7eDz5SpAQd4S4QQofhKa7F93HwLXDXA3lm/t
qy7zcmoZUC7eDlihh+PZsTqglpE2RP8b3x9fn3642Nucr+QHUKQEO8B4hCzIYhbvkWt+R7+hQ1pd
bEAXNgvJFfO9brfV0l1t4zVj9cg3ZQsANam2h3lO+fRn1O8pEBViEZ5R33oISRk2OSTvJ44dzOHe
2+eGXDTNoM96jXemUWQvmOKfRVgBN4W/LnzHGsQ4wTfANXtjn4aW3p0pDMvkClGvt9KvHc30gfSU
orf3wkjkGGDRbtPoVPfVFmSxIH9W/oYM4xw8ix5iUkpxHr9g87/5v/msjf+8brRMmUrMOIL8Qojs
YptawKU54CWZ5n0VogZIBwOBfm6f/G7XuoZuoq+Ao/CElmp79hSXDm3faC8cf0yd6yRWV1ooxA3D
HIMZc5xl+6G9txVtKcPRaMqlcEGK0UiTaCOoj4w6uMJEbSs5bcM6vR8JKRNi+wq69BanIY1m57a6
9Emlrl8lsa8okY7K2N7CxJIn9uMu4zIg8IAxHQESNoRxPSbsazBV98hCkp3A4IYsdRZaEjaNSFDP
Y9Fwxs72N7yk8gQoXI7tjQvn1wNfXfyYUjYsvYF00YrifS7vgEK3l/sTY0G2S06RXqcXqqOw7Gbm
U3DbEL76ob8vIBrT0UgTZzd0v0Ji/jUoQJPEYi+1uHYTmied08u9LebIGApEQopd4CxxJFkLmDlt
Tbx8vH8czH22hL+vW3WTh3c9tVviFMoSHGnM1o20Z8LugBlMwJ9wR6OiVqj/1gY25wXzbTvbY+A7
JIf+Nd++nGFQqeuXELsX12Xo9+H25R+1rg2KAL99P7zmuc9WuQF6+RPH+eKHjja/o9OLTWzNrMcr
kre570HFmL7vjEYoOHWcB17+9pV0fTs8G8ySycRRK0mlbliLwUOHPS66QOPFCWle9Laru6/5VgK1
MlJKYXfBjx0tloWC1FnpLxsjvqZT2/zSM1RAKUlF1F5NEb4yz6bOGfUKA4x1vmiiu+v65RzcI2ds
UQ8rRciy/U6JaxpcunTK7nVIGbFoYvXiEvUfsjj5nNo44fnrACEJWXrelO+H1H9v1Y5oqGUS4veG
hO4iZMz7hf7mxz/Kw+UlIKhwlyzimj5m48cqrpxanK+ordiizzfamMt9VZnCEoFkomg/tgLHvKTf
U7e1pJQ1+cQplDtn1jCk3t4SvnzxNmAQIuxQRfDCX5PlmW8XgEjifxjLDkBsT58TkwTdwrrF+ZTT
qxO+euR1izufXEQgWYsxEd/bFQrme7q3U8kbRhDW1c2e/EIuTopQLtbYjC+hg0jtWEjCmh0KOPbd
X/SNeZ2ceBZu5vNqtXrjh2HjAu1QYzh/dp8Kr+BSyIUR0nZzJVudu9SBiBIm34t7hlovTk9znoBG
EWeXsQb+Hs9Ki9gEUW9irUq1jIsz6xuXap3+jR9vt0ziKJmjq5lTx7bnemM01Grdx0IuFwXnOa7U
SAriNYu4FEaosCWOgqjKEoT1nRVvhn13SotGfUheBV6UvYMtq11SFYJCVoF0V5flyY0ch6Uz2ren
F8nydXPVq3s6VGFeu7NDAwb4b2gAHRIFuSRs8LhzulxWO7XCsHpz1/VoSiykvyYJxkFRfvp3myq8
YfGMhbZWfzmtkHPpML6wMP6e2DWjvq+YnnMECKkQL660nNtRjgghT6kHqZs63J6R1qfQP2BdZM9h
Zoyjb7hVBcdsxN+tqg7iNsqvDVUpxLUu5DL+fk7H433VnGQH1ZaVv70bufHPqQPdSJeffpdDUclr
R0fPcJQHl7XdsHGtWtsXqAJbAKdItAu8YV+DNVzd3lZYfEUfvtOHfcHgzEYjz4+DF7clIRCA6V+X
PzCKhyCph+fkxA0bpH6jke89LD2vVn02IXvxsHzGGvdGoTi4KyoVa2M19Wk49xN19WZKWdOxGQS2
iQd1zfY2/ZYyHI0CUfxolMuxGcQTy7EUQE/c1SusUfQTT4blWvfVqUbKF9CtCvUk8QVWmxZy9AQ7
vp5MLGkeMIcfcqepqnCn2GA7xRMomtX9OR7BDU9r04TY3uX0fduL9SUMGamIpP7c4t1r32IWGS/J
c/uJu3tYOhegWHzhnCLghgE+3HRzOqPqRGBGKi7bqRUcUKtxfl7dbW0JZ95noRutBvJ8xVDoQ0Ff
2cL2k6jfK6f0krbSKFfANyEIwJaS51cvMHQuoTz5NWPzR3F7kq6unK4nCu1idHVtZ15t1DBE3QG+
BXX619f9FYfw4i0Hgicu6QNzSHAIUQgmNJKKufOCWkXWIx2vVIyoUl0pglY0ovpTNkT+TKDS8ai/
S29i81V+e2r+mm1wiZTLPViH4ANa+GvConhl+5xK1ffP7Xn73Fbb5X5HaUYjLtRrNsypqDj0JfPu
L/sabklaE++VUUdydHR2e/PTkPTOLofk5PPw4+3d/9t3UvPpBrt1qWTbB4A7fpBecUZXpW4aFQzp
9+XKGvk9IFJkuGCQocm9sGxHVLWnYdU24Up3pNyMkhqzLHIq/56Jv3s7miUXaYdKY9ZgvlypNIVa
aI4rR8wwC+ptEotIsxccGcfRSBGEHwqairQNLsi8PHZqh2aiHV5WvLNh/V7MLL/aMvS1bq3XhB5R
/LZTv3cs8MNY629npA2Tb9c0OgnsYN+tKeTFj0bp3+1Hau8Sh0U6FEnZhMSOKHPqnf2dYsSL3b6Z
DHpD3XFLgt7yCzH7+rTfA5897J3sbUZXsMSzgXGnwFaS46Lrj4k6Np6R9K0rxr/nwJu09PxqKxgM
u9p9GqnZk0Lc4IKf38v5yj6luoUzF0e93g6dduzSypFL9SeaBF9tCrRPOH0SnUF/fcDYnDfEZypu
m3a/5RAiSojnle/QguCN3mNQQImUDUB7369tb3ZIrlg8vPx4tS9zFGxHo97Xvpwk3BoIHntc3A6o
UvW+Tb04HuXS2AzxRP1wX1hyjump4XJn4AtH3nJ+RyouBI/Tu7ZWi5JSXK3XKC4mpd70021/4e3Y
D8576OkaxXWHg/U/oXcUoy5iReLCAJ1sMfMrN/5F1ImXgf3InMqUCsSJA4oYa+dqKsT16+BKn504
pOfY+dhbV01hidC4JPx8za0t2Mbz+9IdGSos/cbawfy/YR5Dw1prX7AyhgBKk2NXYFd0uYIJaYWN
1Svn8o1Df24zd2/nc0h+o1HERXDoMkUmpNm1VUp+RxmPI4H5uz4bIwkb2iMuBo1D3zMKu+ReteBC
ckSY3/lsjPiL1ce/VrBVHcqOugIoO/lGn8c3ttoI9ZphokiU/GI/mot0lILIEd75MY31BRnFOxuW
nz2D+BVtsCDADi0vYKZ+EFBKKSRm5fPLr2Vc4qivf6TO3A7n0YZzWmsNvsiz1hR/WuJPW/zp8D9G
c8e1Ufap74HZOp/V42uF7GC/GYhXnd86iOlkMkSRVAXlxLW7Ey/sKfXiK7b8xPYWQiIse4fajf3g
StsrllL2N3e9RtrbafId0ofPbhI7CVSKKDu72AbBsH+iZdji99qlBpAELV0asj0maZzfaBQHFI8s
3Vb73EYGga+5CoW4oe98Cp109sg30KrrVQ9LH5fQ1CGPCNn16Q9ZvprLqF5vHvIYzvw7poEVhB+z
UGKrxDJb7fLBgbx44No4Wbp1BfrBqX4QZErZ5tBjtWpevXAVKkIUvZP0fCt3pMsvaWsQuL4524fw
yIfLLYrcSXLefdAFF6T/jOZ52TsBuPf1sJqRisOyxT261HF972xvg7IpPw6DS5BfbQUlpBa7SNRl
3BmpmOYUhtFuPWdJzpNwTr2L6+K0z4uXnqYMAQbKsUOl4OM3/dMiEiRtcMXUWdhetV7rkj//GRB5
c7rHfa6pENsj+XxZONNOEnTTaq58OQC7yH3sIoP033/EwX1Cju2B4IGujkNXTg/R6cXKKWzzehwk
wRNDMtsNmunHlKzbZcRLGY000Qo/d4Dcc5ZxSFchS3oRsvHUeSlPHpfSfek8QencDln6BZ9nzk/R
hCz83Ab8FxoGF1qnN6Xs6tb3shtke0PlS7D7IThNU41KGrkwpVBc9UMdO3H21hEQ3EYjvuA8EBJs
MzP1RI/nOrHDic0cS/0+Vvpp4Dhk+PUuXMp8pKFNlRIV1RGtjAs3/m1fi0q3mGaCvOxLUSjZ0RvB
DIGadBnMaBxTNQoqxA271q9YHNsz50dtKjGDHQyZRREumaFOpK0z1cjrRy/2VGNqiaNRofyNMCZg
lt/VTrkkFIcKi2du0MWEOhDK9vZJq5zjaCRk2L4ubNmWtAPKFeKGCfyrs6/7QgGsRqO85BePmwGf
Ms50HikoAKjv4YfCYzwwPQeqEDdkX3ueQBIFb1tN+JE8ip8lAw9YOBayfN3n30vnaQOfbqmAJ4Ys
gS9BOy696We/yCn/GDfBD6+PwpH3ZjhLyC/UI0aVVLvHtcZxtUFOB0P4bRj4gEO9aUKn7B0EYPzt
+rH1Ll1HQT7dXODXVoEuyi3jhP67WrdW5y8/zED6smNH8Tt/MkEK9Tw/8Uz06/xbzdSc2Ux8pj16
B9185IQ7w8sylEBdpK+69FG+Fb2rVatVpE3lCP87/mvih8A5o8n3QDEWzhOnv4NFIEuybDzaNYFk
VLw/TU+4L0foKb1p9I6rAFfUl9Fa3l354/HSyIkRY5byTLwM2Lv728szJAmTKP+esHApC5Sk0MxR
4XUloFEEXt569z/8H1BTEvvliC6YfBGU/1C2QI8UdPeug6THsf9YRuOUj2gfYqwsXfwQ4xuCtkXE
B9iTkA/J8qonoCqiGRCYAhnOWMRIip3QkJF4xgh0miO4oDExsfpiMmbE9kwnwZW2wH7F5JDXwHfh
zQkyKPKM6IQdEjyjOIyQJRmHjM7J0k9CyYvYEwJVaEM2gCVA7YVgC5BmAOMb9pCxO7LYhEL9ReTB
936KCY4905Cg9lwAix9FXaKE+HlwgfthxjySBFPo6gCDyshDyxXMjkceIW++zPiuGxL7BL+KToCF
/CYx6CCkXuRQ/BwYv81FhXZAgTHo02Ex1xeeD2syMuNf40aKi5yFcabN6Zjwz+/ijWiWxJYPJu9C
8OG3RnIymJiOHzFrVOKSnTiO/0CwMYEwROYKZGFT8lc0MXyG21qaMh0T9EX81R63O/kOAbkINggC
NQZKQW7jJZGqxOelmWa3FWHffIFEGywC9Eoti4QsEupHteKXr4nLKKQvvEETUPqYodCgHPZ7Qh1U
29RewLML6iSMHMhCwdu8Re6iRGggfGFQGdSOn50+htu87JvEHYNWwKpOoqVn4lfICaZIYEcV/sDn
CEf+obQUKT42C6HHmEDtwePRIeHZFJFNHdrDIcFPBAMQ9PtcN+B1keYmHlgQPiKYD3j1AiawstB/
tMHCGKgBIHHL9TLhULdSoMsJ2io+gzZ5SOz4J1BfHPLXLIYejptM4WVyABgSaDcGVwuHUZZIjzmr
oq1Sbhxh4uFpJ2iBuAeIVwI/1z+qEOhqy2vi8o9K8yPGDtXGJw0HNRKGSRALqlAYKsYF2SQuXrnQ
KPmXky3RIOjCty0Q+2kJ0EbQ5nxQNFhXRTE0eLgsHsosDdw9OPFwKRqlOJqOYCAlgg7twLVjbNsu
m9LxMgaNk4FQdZUr146QN399iLX2YHPNc4uCRvtQFoxSI4s4wgl0PeGCMDxQCtlgKpUWKYwcaivB
ZkqmPlSUj80UrQILEqfplblox6SKKKB07oLF14v/1yPAzGSd/BhLXyd/FPsBF0G6z0wkyS4i4D4w
HoLfSwXCUlOpalWjIQXjTuALbxVSvuinPUjI2wUXCT0GMRMIPh4EH8IemZlw5+sLkUWLxGCVPc0e
TUgJohyRcFy3w94xGX68HJCry2tceN3vX132BqTfuyOQ7H3q3R0SeIgMb+GpHvny8faqR/p3t6e9
waBSdAGaPoxmS6qjz0Lb5wEZHXGEAM0Z4y6ZayNztjXQPaQEFvct/JEyrmUWbpazwhlN2wMHDdaE
eJ8zNmFkkOVhAPTwMVkY5yyYgOvNHbmISLwMPiiLcZ6/UFl9Gm1BptVQbQEzMR0QmkVxRb2KdzMM
YF4siHKo9arEGr19WiSJvC6RT2k4hpZRNn3HEdknd0BPa5c3NRRHvkXkW+C7XeolPPlQJYHELAEb
fHuYxoSiEaZmKMLrZAK8BF43b4IVcit8vjB4yB78xLEyWWwIIg8eyeWPBOOAiw9AW5g5e7K0c+4s
VoIkNx3BIcM2CX03DbbibflEWTVNtYYRjazJFdsgT5iUZh2DNGE0xeQ6z1KkIVuJG4jsSqRwRN4o
4420vs7wIfkCl52LmSKAXxDmobHTJxQMQRsCH5SwACOLooShY4hnUGvTNNtEp4Wl5VIdphUpcgSZ
VFaENPjos3rCfo05S7x5lMp+SgOk2m7iQozFE5dJmvtjRRLRCxJS5HrF9iJVyVvMqo1Bsh1IiXiB
ZcyCEwi6jazGznxxq2jTmBuh1xP8xcNpExK85IMqMp45lE2KX5nJ6gVE4bkKpI+oPZBOJBiCS4CL
BrGjge8IhDk6eE3qU+BJS8aH82wXFYhffkn5rme1zg5HnhyDO5YhAlKzme+IFHNMY3PGM3EuMmRN
YEIyyHDfJno+8q4ILWOWJZsivL1Raym9hW41XMbI/JCUa0oF8srjBZfjVBgZArjXzvNY3h/FFNIS
yLEvwxN9fBmIUqwK+Qi5INjSO57ckdP+50N4F2QYQ/t6sC0we54rCO+Z8S9z/seklabdeUYece0o
z1bIiQWOakadyRHu0eTdBAtXs8mioFCCgx9oYEpDzMOewkztivQe0athikmdCkEhPve9fpps5x1A
7EugUA8QNvHFJPCCsvxd6N1cy1YX2d9ZVp+YlqfViKODacoEabswDyW0NrqGeOlthfTlOw7Fr0Zh
D1r2RKUt8BInIZ0iBKgTUFsUODxjwe6lC8JjY6ch1tOpY+MYCe8vh4zvLyPXw89c0gggIexxEhPs
n/OqzIsTnYtK6mvcOCnjW8dcWrRyi42T6XHaYfmZ1LCjItO1GTRVfp/I7mkkOtRoyV7ki8AlraGG
zIRzEtxOZz50YNEC034KS3ui3INZNKYkoovUU+KIRzoyhPeULiwIxofWRMIixyN+821PdIb5sNBP
5OvYf0SrD8nlGTn4+vny7C3BtcgzkAGefwB3H4RiuysYBvZfQui8VPIMECzB549wZXtg6V8/XKX8
Zd9GofzEC8OhIR40IfvATi4Pwxybn46OyBCiDNpMJrxYuGdPluXHxLZytBTSFHBujMap2wT43EoP
014A70FKQcFsIOnkGZnnm44dEP4uWM01XYLFYE/S9RdppxwjmgwD3BWX03uiyCh3gOkglzpAMuQj
HMLc8WsWNBZ1IWYphHhJJEdaTPwOvXB18p2yeOeYBJAjLWwHixFuXLooWQrGIepNs36Ch685xXB4
mD6lDZA9OSglKvnE9RNswRMRb2SDRlXKKsb4ih6KD0eAGeI1D5Dw8h0Pl8rLHLjHRPd3zASzMX70
A65xGJNHuFlq79zE+eimFngFfCwogw9+iNCiqIDF5JGDMIhpT0lZfVpMGgInsI+02YGw6cv4N5Om
ztsyDg6UkwDsl0WKb+SfpucF8QFdtWme8cL40bcRd0CoTxZiTUOqjnsKiURH5GBKGsD5Oxp04Fcm
BnlDpiFug8nUkw/YZBqqrKpIuqYHavN+GrhJ6MSIugn8IHFSY5Q/MJLxZ6RDrHN3yBP8ciCdGMYS
9EsQ7GTqzAdnxRDVsQziOKLGu42CLGKgrC/8jEM21qE0crT3Mh7dWyBlzU0nBzPINie+UiPQyspi
7iN7cuZjzXBRKrg3vWL7XGJwZEsXuz0RrsuNAGGUi459OXmf5Pc5BO7E6HQaQgdaDJbJkTUxgBDj
Ho8iPi4ftODbs9tj0EdZunwR+dApPDCRW1NoOg+8xIgLngPgtIoynA2BNtO8ME1ROStKhQoV96Ux
QYz3yjJSqSkip/uq6iDr9tBOlJGrQ/CPwYweEjzujYfnOMvCwPVOWAiZdhk9kIfhT9xNo5WIFVQb
CZOzS0p4TSDjhEjOvVjqLCRDXvPiflrGSk0LrGpVx7ab+2oZf5EpPo8tAV0z1iw6TCyQD/HJl9Lh
3EpegLyjlpBqc32El25b1K5oFcrIieQB7GOpz3SMZCaJ3GNgJ0fmzdJj4JAzdE0snjjak4wR9D4A
iJhfQA+UDhwIHwf8pItMIxt1bBrJXgkkkhQ3RMhfmPKAjLKujtNKE/fAbnEE65j8necqED8P+ZDW
P5CpCIFZmFTnPTgMzBtD25KDBulkEx8NeCpi8YDOI3TE82Pe2cRz+AKHyXCrii/K5XRxSXB2CqOC
iF55icfk/OpkeGz8pX3Y7D7WDuuP9UPjL7W/WJgP8XZ+gMstTHSu7zpV4YrFr0bzrUjyxBSD2lcX
LRxjC+hYDqXx1IOPhUGtmUucSUnMOAlTp5x2UMJscoJ7HOADocrkkz9RqrByOrEBtiCy2Tfn3NXw
ovjzGpOEZwqC8k2hlHlqqeR8fsC7t+wRHF8k+3bmHHsHEe/HgEbGNuTlS5HD8ecQL4gCPQ8RRkSb
ESg5f0hGwsxXlw5LDBd4RbY8guoUMoTScamDu8VxseLYhJxoplJwUsmzaKjRfPeb5cfgDDUqzjpq
hCR01N8WP+gw/z2xHb4kNKdM3UD9OaORJosNrWyhEn6L+BR59tsdiykyjQYtPvucOa6kwtwMAFnq
Q4Gp6+GOTeRog0qNeCCIdBKkLK5KGfSvtOKX0e+Oh4XJK5Ldiv058yDeayp4fJSoq3KBw5LyKVRD
rjv5jnsWcVGNOGH3u2OP1dfh56Ora91H8YxqtV6rGfit0f7ZrQbd8r9x0YpEINl6hYFD8KJIe1Bs
4fp6rWEuSAA/sR9dwOk6D3imoEYM5Ggi0NKVQP1ZwfYwwUpi24kMuSkVtWJPx7ZH8VRv/sUoXBDJ
+wzWWD6ErMxwGcS+spUVlAW9AUeYZVWujsmj/be8LOU+TgxiAqTZrbVS5bZmJVyVdZUEfb6E+/Np
Imwx5f83TOJu+3y4KH/hjz/+PxNlEK0=
===END CRASH DUMP===
